2020-04-27 03:12:08 +0000  Initial pipeline context: <IDEDistributionProcessingPipelineContext: 0x7f89a451f500; archive(resolved)='<IDEArchive: 0x7f899d2ed710>', distributionTask(resolved)='2', distributionDestination(resolved)='1', distributionMethod(resolved)='<IDEDistributionMethodiOSAppStoreDistribution: 0x7f899d3d3ae0>', team(resolved)='<IDEProvisioningDisambiguatableBasicTeam: 0x7f89a24a23b0; teamID='KGDQ4H5NJH', teamName='Guangzhou Mengxiong Trade Co., Ltd.', teamType='(null)', username='(null)', isFreeProvisioningTeam='0'>'>
	Chain (12, self inclusive):
	<IDEDistributionProcessingPipelineContext: 0x7f89a451f500; archive = '<IDEArchive: 0x7f899d2ed710>', distributionMethod='<IDEDistributionMethodiOSAppStoreDistribution: 0x7f899d3d3ae0>', team='<IDEProvisioningDisambiguatableBasicTeam: 0x7f89a24a23b0; teamID='KGDQ4H5NJH', teamName='Guangzhou Mengxiong Trade Co., Ltd.', teamType='(null)', username='(null)', isFreeProvisioningTeam='0'>'>
	<IDEDistributionProcessingPipelineContext: 0x7f899e13f7f0; archive = '<IDEArchive: 0x7f899d2ed710>', distributionMethod='<IDEDistributionMethodiOSAppStoreDistribution: 0x7f899d3d3ae0>', team='<IDEProvisioningDisambiguatableBasicTeam: 0x7f89a24a23b0; teamID='KGDQ4H5NJH', teamName='Guangzhou Mengxiong Trade Co., Ltd.', teamType='(null)', username='(null)', isFreeProvisioningTeam='0'>'>
	<IDEDistributionContext: 0x7f89a48ea180; archive = '<IDEArchive: 0x7f899d2ed710>', distributionMethod='<IDEDistributionMethodiOSAppStoreDistribution: 0x7f899d3d3ae0>', team='<IDEProvisioningDisambiguatableBasicTeam: 0x7f89a24a23b0; teamID='KGDQ4H5NJH', teamName='Guangzhou Mengxiong Trade Co., Ltd.', teamType='(null)', username='(null)', isFreeProvisioningTeam='0'>'>
	<IDEDistributionContext: 0x7f89a450c780; archive = '<IDEArchive: 0x7f899d2ed710>', distributionMethod='<IDEDistributionMethodiOSAppStoreDistribution: 0x7f899d3d3ae0>', team='<IDEProvisioningDisambiguatableBasicTeam: 0x7f89a24a23b0; teamID='KGDQ4H5NJH', teamName='Guangzhou Mengxiong Trade Co., Ltd.', teamType='(null)', username='(null)', isFreeProvisioningTeam='0'>'>
	<IDEDistributionContext: 0x7f89a4719480; archive = '<IDEArchive: 0x7f899d2ed710>', distributionMethod='<IDEDistributionMethodiOSAppStoreDistribution: 0x7f899d3d3ae0>', team='<IDEProvisioningDisambiguatableBasicTeam: 0x7f89a24a23b0; teamID='KGDQ4H5NJH', teamName='Guangzhou Mengxiong Trade Co., Ltd.', teamType='(null)', username='(null)', isFreeProvisioningTeam='0'>'>
	<IDEDistributionContext: 0x7f89a1f1aa00; archive = '<IDEArchive: 0x7f899d2ed710>', distributionMethod='<IDEDistributionMethodiOSAppStoreDistribution: 0x7f899d3d3ae0>', team='<IDEProvisioningDisambiguatableBasicTeam: 0x7f89a24a23b0; teamID='KGDQ4H5NJH', teamName='Guangzhou Mengxiong Trade Co., Ltd.', teamType='(null)', username='(null)', isFreeProvisioningTeam='0'>'>
	<IDEDistributionContext: 0x7f89a362b980; archive = '<IDEArchive: 0x7f899d2ed710>', distributionMethod='<IDEDistributionMethodiOSAppStoreDistribution: 0x7f899d3d3ae0>', team='<IDEProvisioningDisambiguatableBasicTeam: 0x7f89a24a23b0; teamID='KGDQ4H5NJH', teamName='Guangzhou Mengxiong Trade Co., Ltd.', teamType='(null)', username='(null)', isFreeProvisioningTeam='0'>'>
	<IDEDistributionContext: 0x7f89a2320d80; archive = '<IDEArchive: 0x7f899d2ed710>', distributionMethod='<IDEDistributionMethodiOSAppStoreDistribution: 0x7f899d3d3ae0>', team='<IDEProvisioningDisambiguatableBasicTeam: 0x7f89a24a23b0; teamID='KGDQ4H5NJH', teamName='Guangzhou Mengxiong Trade Co., Ltd.', teamType='(null)', username='(null)', isFreeProvisioningTeam='0'>'>
	<IDEDistributionContext: 0x7f89a3708b70; archive = '<IDEArchive: 0x7f899d2ed710>', distributionMethod='<IDEDistributionMethodiOSAppStoreDistribution: 0x7f899d3d3ae0>', team='<IDEProvisioningDisambiguatableBasicTeam: 0x7f89a24a23b0; teamID='KGDQ4H5NJH', teamName='Guangzhou Mengxiong Trade Co., Ltd.', teamType='(null)', username='(null)', isFreeProvisioningTeam='0'>'>
	<IDEDistributionContext: 0x7f89a42ec480; archive = '<IDEArchive: 0x7f899d2ed710>', distributionMethod='<IDEDistributionMethodiOSAppStoreDistribution: 0x7f899d3d3ae0>', team='(null)'>
	<IDEDistributionContext: 0x7f89a43a01d0; archive = '<IDEArchive: 0x7f899d2ed710>', distributionMethod='<IDEDistributionMethodiOSAppStoreDistribution: 0x7f899d3d3ae0>', team='(null)'>
	<IDEDistributionContext: 0x7f89a439f720; archive = '<IDEArchive: 0x7f899d2ed710>', distributionMethod='(null)', team='(null)'>
</IDEDistributionProcessingPipelineContext: 0x7f89a451f500>
2020-04-27 03:12:08 +0000  Processing step: IDEDistributionCreateDestRootStep
2020-04-27 03:12:08 +0000  Processing step: IDEDistributionCopyItemStep
2020-04-27 03:12:08 +0000  Running /usr/bin/ditto '-V' '/Users/mrlee/Library/Developer/Xcode/Archives/2020-04-27/FishFarm 2020-4-27, 11.09 AM.xcarchive/Products/Applications/Fishes Manger.app' '/var/folders/dx/5dt2vt111kn5d3yphsknv3m40000gn/T/XcodeDistPipeline.~~~gWZTLQ/Root/Payload/Fishes Manger.app'
2020-04-27 03:12:08 +0000  >>> Copying /Users/mrlee/Library/Developer/Xcode/Archives/2020-04-27/FishFarm 2020-4-27, 11.09 AM.xcarchive/Products/Applications/Fishes Manger.app 
2020-04-27 03:12:08 +0000  copying file ./_CodeSignature/CodeResources ... 
2020-04-27 03:12:08 +0000  10559 bytes for ./_CodeSignature/CodeResources
2020-04-27 03:12:08 +0000  copying file ./AddRecordCollectionViewCell.nib/runtime.nib ... 
2020-04-27 03:12:08 +0000  2618 bytes for ./AddRecordCollectionViewCell.nib/runtime.nib
2020-04-27 03:12:08 +0000  copying file ./AddRecordCollectionViewCell.nib/objects-12.3+.nib ... 
2020-04-27 03:12:08 +0000  2823 bytes for ./AddRecordCollectionViewCell.nib/objects-12.3+.nib
2020-04-27 03:12:08 +0000  copying file ./AppIcon60x60@2x.png ... 
2020-04-27 03:12:08 +0000  9599 bytes for ./AppIcon60x60@2x.png
2020-04-27 03:12:08 +0000  copying file ./IQKeyboardManager.bundle/Assets.car ... 
2020-04-27 03:12:08 +0000  62671 bytes for ./IQKeyboardManager.bundle/Assets.car
2020-04-27 03:12:08 +0000  copying file ./IQKeyboardManager.bundle/Info.plist ... 
2020-04-27 03:12:08 +0000  733 bytes for ./IQKeyboardManager.bundle/Info.plist
copying file ./Fishes Manger ... 
2020-04-27 03:12:08 +0000  4311600 bytes for ./Fishes Manger
2020-04-27 03:12:08 +0000  copying file ./Base.lproj/Main.storyboardc/UIViewController-BYZ-38-t0r.nib ... 
916 bytes for ./Base.lproj/Main.storyboardc/UIViewController-BYZ-38-t0r.nib
2020-04-27 03:12:08 +0000  copying file ./Base.lproj/Main.storyboardc/BYZ-38-t0r-view-8bC-Xf-vdC.nib ... 
2020-04-27 03:12:08 +0000  1197 bytes for ./Base.lproj/Main.storyboardc/BYZ-38-t0r-view-8bC-Xf-vdC.nib
2020-04-27 03:12:08 +0000  copying file ./Base.lproj/Main.storyboardc/Info.plist ... 
2020-04-27 03:12:08 +0000  258 bytes for ./Base.lproj/Main.storyboardc/Info.plist
2020-04-27 03:12:08 +0000  copying file ./Base.lproj/LaunchScreen.storyboardc/01J-lp-oVM-view-Ze5-6b-2t3.nib ... 
2020-04-27 03:12:08 +0000  2588 bytes for ./Base.lproj/LaunchScreen.storyboardc/01J-lp-oVM-view-Ze5-6b-2t3.nib
2020-04-27 03:12:08 +0000  copying file ./Base.lproj/LaunchScreen.storyboardc/UIViewController-01J-lp-oVM.nib ... 
2020-04-27 03:12:08 +0000  896 bytes for ./Base.lproj/LaunchScreen.storyboardc/UIViewController-01J-lp-oVM.nib
2020-04-27 03:12:08 +0000  copying file ./Base.lproj/LaunchScreen.storyboardc/Info.plist ... 
2020-04-27 03:12:08 +0000  258 bytes for ./Base.lproj/LaunchScreen.storyboardc/Info.plist
2020-04-27 03:12:08 +0000  copying file ./FishbowlCollectionViewCell.nib/runtime.nib ... 
2020-04-27 03:12:08 +0000  6109 bytes for ./FishbowlCollectionViewCell.nib/runtime.nib
copying file ./FishbowlCollectionViewCell.nib/objects-12.3+.nib ... 
2020-04-27 03:12:08 +0000  6323 bytes for ./FishbowlCollectionViewCell.nib/objects-12.3+.nib
2020-04-27 03:12:08 +0000  copying file ./Assets.car ... 
2020-04-27 03:12:08 +0000  8642984 bytes for ./Assets.car
2020-04-27 03:12:08 +0000  copying file ./DetailFishCollectionViewCell.nib/runtime.nib ... 
2020-04-27 03:12:08 +0000  5523 bytes for ./DetailFishCollectionViewCell.nib/runtime.nib
2020-04-27 03:12:08 +0000  copying file ./DetailFishCollectionViewCell.nib/objects-12.3+.nib ... 
2020-04-27 03:12:08 +0000  5735 bytes for ./DetailFishCollectionViewCell.nib/objects-12.3+.nib
2020-04-27 03:12:08 +0000  copying file ./RecordCollectionViewCell.nib/runtime.nib ... 
2020-04-27 03:12:08 +0000  5575 bytes for ./RecordCollectionViewCell.nib/runtime.nib
copying file ./RecordCollectionViewCell.nib/objects-12.3+.nib ... 
2020-04-27 03:12:08 +0000  5793 bytes for ./RecordCollectionViewCell.nib/objects-12.3+.nib
2020-04-27 03:12:08 +0000  copying file ./AppIcon76x76@2x~ipad.png ... 
2020-04-27 03:12:08 +0000  12450 bytes for ./AppIcon76x76@2x~ipad.png
2020-04-27 03:12:08 +0000  copying file ./ChooseBowlTableViewCell.nib ... 
2020-04-27 03:12:08 +0000  4036 bytes for ./ChooseBowlTableViewCell.nib
copying file ./embedded.mobileprovision ... 
2020-04-27 03:12:08 +0000  7458 bytes for ./embedded.mobileprovision
2020-04-27 03:12:08 +0000  copying file ./SVProgressHUD.bundle/info.png ... 
2020-04-27 03:12:08 +0000  365 bytes for ./SVProgressHUD.bundle/info.png
2020-04-27 03:12:08 +0000  copying file ./SVProgressHUD.bundle/error@3x.png ... 
2020-04-27 03:12:08 +0000  398 bytes for ./SVProgressHUD.bundle/error@3x.png
2020-04-27 03:12:08 +0000  copying file ./SVProgressHUD.bundle/angle-mask@3x.png ... 
2020-04-27 03:12:08 +0000  8319 bytes for ./SVProgressHUD.bundle/angle-mask@3x.png
2020-04-27 03:12:08 +0000  copying file ./SVProgressHUD.bundle/angle-mask@2x.png ... 
2020-04-27 03:12:08 +0000  4893 bytes for ./SVProgressHUD.bundle/angle-mask@2x.png
copying file ./SVProgressHUD.bundle/error@2x.png ... 
2020-04-27 03:12:08 +0000  306 bytes for ./SVProgressHUD.bundle/error@2x.png
copying file ./SVProgressHUD.bundle/info@3x.png ... 
2020-04-27 03:12:08 +0000  1200 bytes for ./SVProgressHUD.bundle/info@3x.png
copying file ./SVProgressHUD.bundle/success@2x.png ... 
2020-04-27 03:12:08 +0000  462 bytes for ./SVProgressHUD.bundle/success@2x.png
copying file ./SVProgressHUD.bundle/success@3x.png ... 
2020-04-27 03:12:08 +0000  714 bytes for ./SVProgressHUD.bundle/success@3x.png
copying file ./SVProgressHUD.bundle/info@2x.png ... 
2020-04-27 03:12:08 +0000  816 bytes for ./SVProgressHUD.bundle/info@2x.png
2020-04-27 03:12:08 +0000  copying file ./SVProgressHUD.bundle/error.png ... 
2020-04-27 03:12:08 +0000  184 bytes for ./SVProgressHUD.bundle/error.png
2020-04-27 03:12:08 +0000  copying file ./SVProgressHUD.bundle/success.png ... 
2020-04-27 03:12:08 +0000  262 bytes for ./SVProgressHUD.bundle/success.png
2020-04-27 03:12:08 +0000  copying file ./SVProgressHUD.bundle/angle-mask.png ... 
2020-04-27 03:12:08 +0000  1845 bytes for ./SVProgressHUD.bundle/angle-mask.png
2020-04-27 03:12:08 +0000  copying file ./Info.plist ... 
2020-04-27 03:12:08 +0000  1492 bytes for ./Info.plist
copying file ./PkgInfo ... 
2020-04-27 03:12:08 +0000  8 bytes for ./PkgInfo
2020-04-27 03:12:08 +0000  /usr/bin/ditto exited with 0
2020-04-27 03:12:08 +0000  Processing step: IDEDistributionEmbedProfileStep
2020-04-27 03:12:08 +0000  Processing step: IDEDistributionInfoPlistStep
2020-04-27 03:12:08 +0000  Skipping step: IDEDistributionInfoPlistStep because it said so
2020-04-27 03:12:08 +0000  Processing step: IDEDistributionItemRemovalStep
2020-04-27 03:12:08 +0000  Processing step: IDEDistributionAppThinningPlistStep
2020-04-27 03:12:08 +0000  Skipping step: IDEDistributionAppThinningPlistStep because it said so
2020-04-27 03:12:08 +0000  Processing step: IDEDistributionCompileBitcodeStep
2020-04-27 03:12:08 +0000  Skipping step: IDEDistributionCompileBitcodeStep because it said so
2020-04-27 03:12:08 +0000  Processing step: IDEDistributionCodeSlimmingStep
2020-04-27 03:12:08 +0000  Processing step: IDEDistributionCopyBCSymbolMapsStep
2020-04-27 03:12:08 +0000  Running /usr/bin/ditto '-V' '/Users/mrlee/Library/Developer/Xcode/Archives/2020-04-27/FishFarm 2020-4-27, 11.09 AM.xcarchive/BCSymbolMaps/08A48C84-670F-3A9A-82A0-EE4097F711EE.bcsymbolmap' '/var/folders/dx/5dt2vt111kn5d3yphsknv3m40000gn/T/XcodeDistPipeline.~~~gWZTLQ/Root/BCSymbolMaps/08A48C84-670F-3A9A-82A0-EE4097F711EE.bcsymbolmap'
2020-04-27 03:12:08 +0000  >>> Copying /Users/mrlee/Library/Developer/Xcode/Archives/2020-04-27/FishFarm 2020-4-27, 11.09 AM.xcarchive/BCSymbolMaps/08A48C84-670F-3A9A-82A0-EE4097F711EE.bcsymbolmap 
copying file ./08A48C84-670F-3A9A-82A0-EE4097F711EE.bcsymbolmap ... 
2020-04-27 03:12:08 +0000  173810 bytes for ./08A48C84-670F-3A9A-82A0-EE4097F711EE.bcsymbolmap
2020-04-27 03:12:08 +0000  /usr/bin/ditto exited with 0
2020-04-27 03:12:08 +0000  Processing step: IDEDistributionSymbolsStep
2020-04-27 03:12:08 +0000  Excluding symbols for Fishes Manger.app
2020-04-27 03:12:08 +0000  Processing step: IDEDistributionCopyAppleProvidedContentStep
2020-04-27 03:12:08 +0000  Processing step: IDEDistributionAppThinningStep
2020-04-27 03:12:08 +0000  Skipping step: IDEDistributionAppThinningStep because it said so
2020-04-27 03:12:08 +0000  Processing step: IDEDistributionArchThinningStep
2020-04-27 03:12:08 +0000  Running /Applications/Xcode.app/Contents/Developer/Toolchains/XcodeDefault.xctoolchain/usr/bin/lipo '/var/folders/dx/5dt2vt111kn5d3yphsknv3m40000gn/T/XcodeDistPipeline.~~~gWZTLQ/Root/Payload/Fishes Manger.app/Fishes Manger' '-verify_arch' 'arm64e'
2020-04-27 03:12:08 +0000  /Applications/Xcode.app/Contents/Developer/Toolchains/XcodeDefault.xctoolchain/usr/bin/lipo exited with 1
2020-04-27 03:12:08 +0000  Skipping architecture thinning for item "Fishes Manger" because arch "arm64e" wasn't found
2020-04-27 03:12:08 +0000  Processing step: IDEDistributionODRStep
2020-04-27 03:12:08 +0000  Processing step: IDEDistributionStripXattrsStep
2020-04-27 03:12:08 +0000  Running /usr/bin/xattr '-crs' '/var/folders/dx/5dt2vt111kn5d3yphsknv3m40000gn/T/XcodeDistPipeline.~~~gWZTLQ/Root/Payload/Fishes Manger.app'
2020-04-27 03:12:09 +0000  /usr/bin/xattr exited with 0
2020-04-27 03:12:09 +0000  Processing step: IDEDistributionCodesignStep
2020-04-27 03:12:09 +0000  Entitlements for <IDEDistributionItem: 0x7f89a4812530; bundleID='Meng.FishesManger.App', path='<DVTFilePath:0x7f899dd4c2e0:'/Users/mrlee/Library/Developer/Xcode/Archives/2020-04-27/FishFarm 2020-4-27, 11.09 AM.xcarchive/Products/Applications/Fishes Manger.app'>', codeSigningInfo='<_DVTCodeSigningInformation_Path: 0x7f89a06bd800; isSigned='1', isAdHocSigned='0', signingCertificate='<DVTSigningCertificate: 0x7f89a4246470; name='Apple Distribution: Guangzhou Mengxiong Trade Co., Ltd. (KGDQ4H5NJH)', hash='6EA149222114D0BB8A8A0976BA4FF97487CD6E51', serialNumber='764A168A46BEEAB2', certificateKinds='(
    "1.2.840.113635.100.6.1.4",
    "1.2.840.113635.100.6.1.7"
), issueDate='2020-04-09 10:00:57 +0000''>', entitlements='{
    "application-identifier" = "KGDQ4H5NJH.Meng.FishesManger.App";
    "beta-reports-active" = 1;
    "com.apple.developer.team-identifier" = KGDQ4H5NJH;
    "get-task-allow" = 0;
    "keychain-access-groups" =     (
        "KGDQ4H5NJH.Meng.FishesManger.App"
    );
}', teamID='KGDQ4H5NJH', identifier='Meng.FishesManger.App', executablePath='<DVTFilePath:0x7f89a36e05b0:'/Users/mrlee/Library/Developer/Xcode/Archives/2020-04-27/FishFarm 2020-4-27, 11.09 AM.xcarchive/Products/Applications/Fishes Manger.app/Fishes Manger'>', hardenedRuntime='0'>'>: {
    "application-identifier" = "KGDQ4H5NJH.Meng.FishesManger.App";
    "beta-reports-active" = 1;
    "com.apple.developer.team-identifier" = KGDQ4H5NJH;
    "get-task-allow" = 0;
    "keychain-access-groups" =     (
        "KGDQ4H5NJH.Meng.FishesManger.App"
    );
}
2020-04-27 03:12:09 +0000  Writing entitlements for <IDEDistributionItem: 0x7f89a4812530; bundleID='Meng.FishesManger.App', path='<DVTFilePath:0x7f899dd4c2e0:'/Users/mrlee/Library/Developer/Xcode/Archives/2020-04-27/FishFarm 2020-4-27, 11.09 AM.xcarchive/Products/Applications/Fishes Manger.app'>', codeSigningInfo='<_DVTCodeSigningInformation_Path: 0x7f89a06bd800; isSigned='1', isAdHocSigned='0', signingCertificate='<DVTSigningCertificate: 0x7f89a43f64c0; name='Apple Distribution: Guangzhou Mengxiong Trade Co., Ltd. (KGDQ4H5NJH)', hash='6EA149222114D0BB8A8A0976BA4FF97487CD6E51', serialNumber='764A168A46BEEAB2', certificateKinds='(
    "1.2.840.113635.100.6.1.4",
    "1.2.840.113635.100.6.1.7"
), issueDate='2020-04-09 10:00:57 +0000''>', entitlements='{
    "application-identifier" = "KGDQ4H5NJH.Meng.FishesManger.App";
    "beta-reports-active" = 1;
    "com.apple.developer.team-identifier" = KGDQ4H5NJH;
    "get-task-allow" = 0;
    "keychain-access-groups" =     (
        "KGDQ4H5NJH.Meng.FishesManger.App"
    );
}', teamID='KGDQ4H5NJH', identifier='Meng.FishesManger.App', executablePath='<DVTFilePath:0x7f89a36e05b0:'/Users/mrlee/Library/Developer/Xcode/Archives/2020-04-27/FishFarm 2020-4-27, 11.09 AM.xcarchive/Products/Applications/Fishes Manger.app/Fishes Manger'>', hardenedRuntime='0'>'> to: /var/folders/dx/5dt2vt111kn5d3yphsknv3m40000gn/T/XcodeDistPipeline.~~~gWZTLQ/entitlements~~~ThIIDw
2020-04-27 03:12:09 +0000  Running /usr/bin/codesign '-vvv' '--force' '--sign' '6EA149222114D0BB8A8A0976BA4FF97487CD6E51' '--entitlements' '/var/folders/dx/5dt2vt111kn5d3yphsknv3m40000gn/T/XcodeDistPipeline.~~~gWZTLQ/entitlements~~~ThIIDw' '--preserve-metadata=identifier,flags,runtime' '/var/folders/dx/5dt2vt111kn5d3yphsknv3m40000gn/T/XcodeDistPipeline.~~~gWZTLQ/Root/Payload/Fishes Manger.app'
2020-04-27 03:12:09 +0000  /var/folders/dx/5dt2vt111kn5d3yphsknv3m40000gn/T/XcodeDistPipeline.~~~gWZTLQ/Root/Payload/Fishes Manger.app: signed app bundle with Mach-O thin (arm64) [Meng.FishesManger.App]
2020-04-27 03:12:09 +0000  /usr/bin/codesign exited with 0
2020-04-27 03:12:09 +0000  Processing step: IDEDistributionZipODRItemStep
2020-04-27 03:12:09 +0000  Skipping step: IDEDistributionZipODRItemStep because it said so
2020-04-27 03:12:09 +0000  Processing step: IDEDistributionCreateIPAStep
2020-04-27 03:12:09 +0000  Running /usr/bin/ditto '-V' '-c' '-k' '--norsrc' '/var/folders/dx/5dt2vt111kn5d3yphsknv3m40000gn/T/XcodeDistPipeline.~~~gWZTLQ/Root' '/var/folders/dx/5dt2vt111kn5d3yphsknv3m40000gn/T/XcodeDistPipeline.~~~gWZTLQ/Packages/FishFarm.ipa'
2020-04-27 03:12:09 +0000  >>> Copying /var/folders/dx/5dt2vt111kn5d3yphsknv3m40000gn/T/XcodeDistPipeline.~~~gWZTLQ/Root 
2020-04-27 03:12:09 +0000  copying file ./BCSymbolMaps/08A48C84-670F-3A9A-82A0-EE4097F711EE.bcsymbolmap ... 
2020-04-27 03:12:09 +0000  173810 bytes for ./BCSymbolMaps/08A48C84-670F-3A9A-82A0-EE4097F711EE.bcsymbolmap
2020-04-27 03:12:09 +0000  copying file ./Payload/Fishes Manger.app/_CodeSignature/CodeResources ... 
2020-04-27 03:12:09 +0000  10559 bytes for ./Payload/Fishes Manger.app/_CodeSignature/CodeResources
2020-04-27 03:12:09 +0000  copying file ./Payload/Fishes Manger.app/AddRecordCollectionViewCell.nib/runtime.nib ... 
2020-04-27 03:12:09 +0000  2618 bytes for ./Payload/Fishes Manger.app/AddRecordCollectionViewCell.nib/runtime.nib
2020-04-27 03:12:09 +0000  copying file ./Payload/Fishes Manger.app/AddRecordCollectionViewCell.nib/objects-12.3+.nib ... 
2020-04-27 03:12:09 +0000  2823 bytes for ./Payload/Fishes Manger.app/AddRecordCollectionViewCell.nib/objects-12.3+.nib
2020-04-27 03:12:09 +0000  copying file ./Payload/Fishes Manger.app/AppIcon60x60@2x.png ... 
2020-04-27 03:12:09 +0000  9599 bytes for ./Payload/Fishes Manger.app/AppIcon60x60@2x.png
2020-04-27 03:12:09 +0000  copying file ./Payload/Fishes Manger.app/IQKeyboardManager.bundle/Assets.car ... 
2020-04-27 03:12:09 +0000  62671 bytes for ./Payload/Fishes Manger.app/IQKeyboardManager.bundle/Assets.car
copying file ./Payload/Fishes Manger.app/IQKeyboardManager.bundle/Info.plist ... 
2020-04-27 03:12:09 +0000  733 bytes for ./Payload/Fishes Manger.app/IQKeyboardManager.bundle/Info.plist
copying file ./Payload/Fishes Manger.app/Fishes Manger ... 
2020-04-27 03:12:10 +0000  3665904 bytes for ./Payload/Fishes Manger.app/Fishes Manger
2020-04-27 03:12:10 +0000  copying file ./Payload/Fishes Manger.app/Base.lproj/Main.storyboardc/UIViewController-BYZ-38-t0r.nib ... 
916 bytes for ./Payload/Fishes Manger.app/Base.lproj/Main.storyboardc/UIViewController-BYZ-38-t0r.nib
copying file ./Payload/Fishes Manger.app/Base.lproj/Main.storyboardc/BYZ-38-t0r-view-8bC-Xf-vdC.nib ... 
2020-04-27 03:12:10 +0000  1197 bytes for ./Payload/Fishes Manger.app/Base.lproj/Main.storyboardc/BYZ-38-t0r-view-8bC-Xf-vdC.nib
copying file ./Payload/Fishes Manger.app/Base.lproj/Main.storyboardc/Info.plist ... 
2020-04-27 03:12:10 +0000  258 bytes for ./Payload/Fishes Manger.app/Base.lproj/Main.storyboardc/Info.plist
2020-04-27 03:12:10 +0000  copying file ./Payload/Fishes Manger.app/Base.lproj/LaunchScreen.storyboardc/01J-lp-oVM-view-Ze5-6b-2t3.nib ... 
2588 bytes for ./Payload/Fishes Manger.app/Base.lproj/LaunchScreen.storyboardc/01J-lp-oVM-view-Ze5-6b-2t3.nib
copying file ./Payload/Fishes Manger.app/Base.lproj/LaunchScreen.storyboardc/UIViewController-01J-lp-oVM.nib ... 
2020-04-27 03:12:10 +0000  896 bytes for ./Payload/Fishes Manger.app/Base.lproj/LaunchScreen.storyboardc/UIViewController-01J-lp-oVM.nib
2020-04-27 03:12:10 +0000  copying file ./Payload/Fishes Manger.app/Base.lproj/LaunchScreen.storyboardc/Info.plist ... 
2020-04-27 03:12:10 +0000  258 bytes for ./Payload/Fishes Manger.app/Base.lproj/LaunchScreen.storyboardc/Info.plist
copying file ./Payload/Fishes Manger.app/FishbowlCollectionViewCell.nib/runtime.nib ... 
2020-04-27 03:12:10 +0000  6109 bytes for ./Payload/Fishes Manger.app/FishbowlCollectionViewCell.nib/runtime.nib
2020-04-27 03:12:10 +0000  copying file ./Payload/Fishes Manger.app/FishbowlCollectionViewCell.nib/objects-12.3+.nib ... 
2020-04-27 03:12:10 +0000  6323 bytes for ./Payload/Fishes Manger.app/FishbowlCollectionViewCell.nib/objects-12.3+.nib
2020-04-27 03:12:10 +0000  copying file ./Payload/Fishes Manger.app/Assets.car ... 
2020-04-27 03:12:10 +0000  8642984 bytes for ./Payload/Fishes Manger.app/Assets.car
2020-04-27 03:12:10 +0000  copying file ./Payload/Fishes Manger.app/DetailFishCollectionViewCell.nib/runtime.nib ... 
5523 bytes for ./Payload/Fishes Manger.app/DetailFishCollectionViewCell.nib/runtime.nib
copying file ./Payload/Fishes Manger.app/DetailFishCollectionViewCell.nib/objects-12.3+.nib ... 
2020-04-27 03:12:10 +0000  5735 bytes for ./Payload/Fishes Manger.app/DetailFishCollectionViewCell.nib/objects-12.3+.nib
2020-04-27 03:12:10 +0000  copying file ./Payload/Fishes Manger.app/RecordCollectionViewCell.nib/runtime.nib ... 
2020-04-27 03:12:10 +0000  5575 bytes for ./Payload/Fishes Manger.app/RecordCollectionViewCell.nib/runtime.nib
2020-04-27 03:12:10 +0000  copying file ./Payload/Fishes Manger.app/RecordCollectionViewCell.nib/objects-12.3+.nib ... 
2020-04-27 03:12:10 +0000  5793 bytes for ./Payload/Fishes Manger.app/RecordCollectionViewCell.nib/objects-12.3+.nib
2020-04-27 03:12:10 +0000  copying file ./Payload/Fishes Manger.app/AppIcon76x76@2x~ipad.png ... 
2020-04-27 03:12:10 +0000  12450 bytes for ./Payload/Fishes Manger.app/AppIcon76x76@2x~ipad.png
2020-04-27 03:12:10 +0000  copying file ./Payload/Fishes Manger.app/ChooseBowlTableViewCell.nib ... 
2020-04-27 03:12:10 +0000  4036 bytes for ./Payload/Fishes Manger.app/ChooseBowlTableViewCell.nib
copying file ./Payload/Fishes Manger.app/embedded.mobileprovision ... 
2020-04-27 03:12:10 +0000  7458 bytes for ./Payload/Fishes Manger.app/embedded.mobileprovision
2020-04-27 03:12:10 +0000  copying file ./Payload/Fishes Manger.app/SVProgressHUD.bundle/info.png ... 
2020-04-27 03:12:10 +0000  365 bytes for ./Payload/Fishes Manger.app/SVProgressHUD.bundle/info.png
copying file ./Payload/Fishes Manger.app/SVProgressHUD.bundle/error@3x.png ... 
2020-04-27 03:12:10 +0000  398 bytes for ./Payload/Fishes Manger.app/SVProgressHUD.bundle/error@3x.png
2020-04-27 03:12:10 +0000  copying file ./Payload/Fishes Manger.app/SVProgressHUD.bundle/angle-mask@3x.png ... 
2020-04-27 03:12:10 +0000  8319 bytes for ./Payload/Fishes Manger.app/SVProgressHUD.bundle/angle-mask@3x.png
2020-04-27 03:12:10 +0000  copying file ./Payload/Fishes Manger.app/SVProgressHUD.bundle/angle-mask@2x.png ... 
2020-04-27 03:12:10 +0000  4893 bytes for ./Payload/Fishes Manger.app/SVProgressHUD.bundle/angle-mask@2x.png
2020-04-27 03:12:10 +0000  copying file ./Payload/Fishes Manger.app/SVProgressHUD.bundle/error@2x.png ... 
2020-04-27 03:12:10 +0000  306 bytes for ./Payload/Fishes Manger.app/SVProgressHUD.bundle/error@2x.png
copying file ./Payload/Fishes Manger.app/SVProgressHUD.bundle/info@3x.png ... 
2020-04-27 03:12:10 +0000  1200 bytes for ./Payload/Fishes Manger.app/SVProgressHUD.bundle/info@3x.png
copying file ./Payload/Fishes Manger.app/SVProgressHUD.bundle/success@2x.png ... 
2020-04-27 03:12:10 +0000  462 bytes for ./Payload/Fishes Manger.app/SVProgressHUD.bundle/success@2x.png
copying file ./Payload/Fishes Manger.app/SVProgressHUD.bundle/success@3x.png ... 
714 bytes for ./Payload/Fishes Manger.app/SVProgressHUD.bundle/success@3x.png
copying file ./Payload/Fishes Manger.app/SVProgressHUD.bundle/info@2x.png ... 
2020-04-27 03:12:10 +0000  816 bytes for ./Payload/Fishes Manger.app/SVProgressHUD.bundle/info@2x.png
2020-04-27 03:12:10 +0000  copying file ./Payload/Fishes Manger.app/SVProgressHUD.bundle/error.png ... 
184 bytes for ./Payload/Fishes Manger.app/SVProgressHUD.bundle/error.png
2020-04-27 03:12:10 +0000  copying file ./Payload/Fishes Manger.app/SVProgressHUD.bundle/success.png ... 
262 bytes for ./Payload/Fishes Manger.app/SVProgressHUD.bundle/success.png
2020-04-27 03:12:10 +0000  copying file ./Payload/Fishes Manger.app/SVProgressHUD.bundle/angle-mask.png ... 
2020-04-27 03:12:10 +0000  1845 bytes for ./Payload/Fishes Manger.app/SVProgressHUD.bundle/angle-mask.png
copying file ./Payload/Fishes Manger.app/Info.plist ... 
2020-04-27 03:12:10 +0000  1492 bytes for ./Payload/Fishes Manger.app/Info.plist
2020-04-27 03:12:10 +0000  copying file ./Payload/Fishes Manger.app/PkgInfo ... 
8 bytes for ./Payload/Fishes Manger.app/PkgInfo
2020-04-27 03:12:10 +0000  /usr/bin/ditto exited with 0
2020-04-27 03:12:10 +0000  Processing step: IDEDistributionAppStoreInformationStep
2020-04-27 03:12:10 +0000  Skipping step: IDEDistributionAppStoreInformationStep because it said so
2020-04-27 03:12:10 +0000  Processing step: IDEDistributionGenerateProcessedDistributionItems
2020-04-27 03:12:10 +0000  Processing step: IDEDistributionCreateManifestStep
2020-04-27 03:12:10 +0000  Skipping step: IDEDistributionCreateManifestStep because it said so
